<?xml version='1.0' encoding='UTF-8'?>
<testsuite hostname="HENRY-PC" name="edu.colorado.csci3155.project1.CompilerTest" tests="8" errors="0" failures="0" skipped="0" time="0.022" timestamp="2021-03-08T18:19:33">
                     <properties>
      <property name="java.vendor" value="AdoptOpenJDK"/><property name="sun.java.launcher" value="SUN_STANDARD"/><property name="jnidispatch.path" value="C:\Users\henry\AppData\Local\Temp\jna-99164440\jna6996249270696418621.dll"/><property name="os.name" value="Windows 8.1"/><property name="sun.boot.class.path" value="C:\Users\henry\.jdks\adopt-openj9-1.8.0_282\jre\bin\compressedrefs\jclSC180\vm.jar;C:\Users\henry\.jdks\adopt-openj9-1.8.0_282\jre\lib\se-service.jar;C:\Users\henry\.jdks\adopt-openj9-1.8.0_282\jre\lib\rt.jar;C:\Users\henry\.jdks\adopt-openj9-1.8.0_282\jre\lib\resources.jar;C:\Users\henry\.jdks\adopt-openj9-1.8.0_282\jre\lib\jsse.jar;C:\Users\henry\.jdks\adopt-openj9-1.8.0_282\jre\lib\charsets.jar;C:\Users\henry\.jdks\adopt-openj9-1.8.0_282\jre\lib\jce.jar"/><property name="sun.desktop" value="windows"/><property name="java.vm.specification.vendor" value="Oracle Corporation"/><property name="java.runtime.version" value="1.8.0_282-b08"/><property name="jna.loaded" value="true"/><property name="user.name" value="henry"/><property name="java.compiler" value="j9jit29"/><property name="os.encoding" value="UTF8"/><property name="com.ibm.util.extralibs.properties" value=""/><property name="com.ibm.jcl.checkClassPath" value=""/><property name="user.language" value="en"/><property name="com.ibm.oti.vm.bootstrap.library.path" value="C:\Users\henry\.jdks\adopt-openj9-1.8.0_282\jre\bin\compressedrefs;C:\Users\henry\.jdks\adopt-openj9-1.8.0_282\jre\bin"/><property name="sun.boot.library.path" value="C:\Users\henry\.jdks\adopt-openj9-1.8.0_282\jre\bin\compressedrefs;C:\Users\henry\.jdks\adopt-openj9-1.8.0_282\jre\bin"/><property name="jna.nosys" value="true"/><property name="jdk.extensions.version" value="8.0.282.0"/><property name="idea.managed" value="true"/><property name="java.version" value="1.8.0_282"/><property name="user.timezone" value="America/Denver"/><property name="com.ibm.system.agent.path" value="C:\Users\henry\.jdks\adopt-openj9-1.8.0_282\jre\bin"/><property name="sun.arch.data.model" value="64"/><property name="jline.shutdownhook" value="false"/><property name="com.ibm.zero.version" value="2"/><property name="java.endorsed.dirs" value="C:\Users\henry\.jdks\adopt-openj9-1.8.0_282\jre\lib\endorsed"/><property name="com.ibm.oti.vm.library.version" value="29"/><property name="sun.jnu.encoding" value="Cp1252"/><property name="file.encoding.pkg" value="sun.io"/><property name="file.separator" value="\"/><property name="java.specification.name" value="Java Platform API Specification"/><property name="java.class.version" value="52.0"/><property name="user.country" value="US"/><property name="java.home" value="C:\Users\henry\.jdks\adopt-openj9-1.8.0_282\jre"/><property name="java.vm.info" value="JRE 1.8.0 Windows 8.1 amd64-64-Bit Compressed References 20210120_972 (JIT enabled, AOT enabled)
OpenJ9   - 345e1b09e
OMR      - 741e94ea8
JCL      - ab07c6a8fd based on jdk8u282-b08"/><property name="os.version" value="6.3"/><property name="java.awt.fonts" value=""/><property name="path.separator" value=";"/><property name="java.vm.version" value="openj9-0.24.0"/><property name="user.variant" value=""/><property name="sbt.supershell" value="false"/><property name="java.awt.printerjob" value="sun.awt.windows.WPrinterJob"/><property name="jdk.extensions.name" value="Extensions for OpenJDK for Eclipse OpenJ9"/><property name="sun.io.unicode.encoding" value="UnicodeLittle"/><property name="awt.toolkit" value="sun.awt.windows.WToolkit"/><property name="ibm.signalhandling.sigint" value="true"/><property name="user.home" value="C:\Users\henry"/><property name="com.ibm.cpu.endian" value="little"/><property name="java.specification.vendor" value="Oracle Corporation"/><property name="ibm.signalhandling.sigchain" value="true"/><property name="swoval.tmpdir" value="C:\Users\henry\.sbt\1.0"/><property name="java.library.path" value="C:\Users\henry\.jdks\adopt-openj9-1.8.0_282\jre\bin\compressedrefs;C:\Users\henry\.jdks\adopt-openj9-1.8.0_282\jre\bin;C:\Windows\system32;C:\Windows;c:\devkitPro\msys2\usr\bin;C:\Program Files (x86)\Common Files\Oracle\Java\javapath;C:\Windows\system32;C:\Windows;C:\Windows\System32\Wbem;C:\Windows\System32\WindowsPowerShell\v1.0\;C:\Windows\System32\OpenSSH\;C:\Program Files\Git\cmd;C:\Program Files\PuTTY\;C:\Program Files (x86)\GnuWin32\bin;;C:\Program Files (x86)\NVIDIA Corporation\PhysX\Common;C:\Program Files\NVIDIA Corporation\NVIDIA NvDLISR;D:\Program Files\nodejs\;C:\Program Files\Docker\Docker\resources\bin;C:\ProgramData\DockerDesktop\version-bin;C:\Users\henry\AppData\Local\Programs\Python\Python39\Scripts\;C:\Users\henry\AppData\Local\Programs\Python\Python39\;C:\Users\henry\.cargo\bin;C:\Users\henry\AppData\Local\Programs\Python\Python38\Scripts\;C:\Users\henry\AppData\Local\Programs\Python\Python38\;C:\Users\henry\AppData\Local\Programs\Python\Python38-32\Scripts\;C:\Users\henry\AppData\Local\Programs\Python\Python38-32\;C:\Users\henry\AppData\Local\Microsoft\WindowsApps;C:\Users\henry\AppData\Local\Programs\Python\Python38-32\Lib\idlelib\idle.bat;C:\Users\henry\AppData\Local\GitHubDesktop\bin;C:\Users\henry\AppData\Roaming\npm;C:\Users\henry\AppData\Local\Coursier\data\bin;C:\Users\henry\AppData\Local\gitkraken\bin;."/><property name="java.vendor.url" value="https://adoptopenjdk.net/"/><property name="jline.esc.timeout" value="0"/><property name="java.vm.vendor" value="Eclipse OpenJ9"/><property name="java.fullversion" value="1.8.0_282-b08
JRE 1.8.0 Windows 8.1 amd64-64-Bit Compressed References 20210120_972 (JIT enabled, AOT enabled)
OpenJ9   - 345e1b09e
OMR      - 741e94ea8
JCL      - ab07c6a8fd based on jdk8u282-b08"/><property name="java.runtime.name" value="OpenJDK Runtime Environment"/><property name="sun.java.command" value="C:\Users\henry\AppData\Local\JetBrains\Toolbox\apps\IDEA-U\ch-0\203.7148.57.plugins\Scala\launcher\sbt-launch.jar early(addPluginSbtFile=&quot;&quot;&quot;C:\Users\henry\AppData\Local\Temp\idea.sbt&quot;&quot;&quot;) ; set ideaPort in Global := 57281 ; idea-shell"/><property name="java.class.path" value="C:\Users\henry\AppData\Local\JetBrains\Toolbox\apps\IDEA-U\ch-0\203.7148.57.plugins\Scala\launcher\sbt-launch.jar"/><property name="java.vm.specification.name" value="Java Virtual Machine Specification"/><property name="java.vm.specification.version" value="1.8"/><property name="sun.cpu.endian" value="little"/><property name="java.io.tmpdir" value="C:\Users\henry\AppData\Local\Temp\"/><property name="ibm.system.encoding" value="Cp1252"/><property name="os.arch" value="amd64"/><property name="java.awt.graphicsenv" value="sun.awt.Win32GraphicsEnvironment"/><property name="ibm.signalhandling.rs" value="false"/><property name="java.ext.dirs" value="C:\Users\henry\.jdks\adopt-openj9-1.8.0_282\jre\lib\ext"/><property name="user.dir" value="C:\Users\henry\Downloads\project1\project1"/><property name="line.separator" value="
"/><property name="java.vm.name" value="Eclipse OpenJ9 VM"/><property name="com.ibm.oti.shared.enabled" value="false"/><property name="com.ibm.vm.bitmode" value="64"/><property name="sbt.log.noformat" value="true"/><property name="log4j.ignoreTCL" value="true"/><property name="file.encoding" value="UTF-8"/><property name="java.specification.version" value="1.8"/><property name="com.ibm.oti.configuration" value="scar"/>
    </properties>
                     <testcase classname="edu.colorado.csci3155.project1.CompilerTest" name="simple expression 1" time="0.016">
                                                 
                                               </testcase><testcase classname="edu.colorado.csci3155.project1.CompilerTest" name="simple expression 2" time="0.001">
                                                 
                                               </testcase><testcase classname="edu.colorado.csci3155.project1.CompilerTest" name="simple expression 3" time="0.002">
                                                 
                                               </testcase><testcase classname="edu.colorado.csci3155.project1.CompilerTest" name="simple expression 4" time="0.003">
                                                 
                                               </testcase><testcase classname="edu.colorado.csci3155.project1.CompilerTest" name="LetBinding + Ident Test 1" time="0.0">
                                                 
                                               </testcase><testcase classname="edu.colorado.csci3155.project1.CompilerTest" name="LetBinding + Ident Test 2" time="0.0">
                                                 
                                               </testcase><testcase classname="edu.colorado.csci3155.project1.CompilerTest" name="LetBinding + Ident Test 3" time="0.0">
                                                 
                                               </testcase><testcase classname="edu.colorado.csci3155.project1.CompilerTest" name="LetBinding + Ident Test 4" time="0.0">
                                                 
                                               </testcase>
                     <system-out><![CDATA[]]></system-out>
                     <system-err><![CDATA[]]></system-err>
                   </testsuite>